This file contains any messages produced by compilers while
running configure, to aid debugging if configure makes a mistake.

It was created by auctionManager configure 0.1, which was
generated by GNU Autoconf 2.69.  Invocation command line was

  $ ./configure --enable-debug

## --------- ##
## Platform. ##
## --------- ##

hostname = luis-VirtualBox
uname -m = x86_64
uname -r = 3.13.0-32-generic
uname -s = Linux
uname -v = #57-Ubuntu SMP Tue Jul 15 03:51:08 UTC 2014

/usr/bin/uname -p = unknown
/bin/uname -X     = unknown

/bin/arch              = unknown
/usr/bin/arch -k       = unknown
/usr/convex/getsysinfo = unknown
/usr/bin/hostinfo      = unknown
/bin/machine           = unknown
/usr/bin/oslevel       = unknown
/bin/universe          = unknown

PATH: /usr/local/sbin
PATH: /usr/local/bin
PATH: /usr/sbin
PATH: /usr/bin
PATH: /sbin
PATH: /bin
PATH: /usr/games
PATH: /usr/local/games


## ----------- ##
## Core tests. ##
## ----------- ##

configure:2869: checking for a BSD-compatible install
configure:2937: result: /usr/bin/install -c
configure:2948: checking whether build environment is sane
configure:3003: result: yes
configure:3154: checking for a thread-safe mkdir -p
configure:3193: result: /bin/mkdir -p
configure:3200: checking for gawk
configure:3216: found /usr/bin/gawk
configure:3227: result: gawk
configure:3238: checking whether make sets $(MAKE)
configure:3260: result: yes
configure:3289: checking whether make supports nested variables
configure:3306: result: yes
configure:3460: checking build system type
configure:3474: result: x86_64-unknown-linux-gnu
configure:3494: checking host system type
configure:3507: result: x86_64-unknown-linux-gnu
configure:3548: checking how to print strings
configure:3575: result: printf
configure:3608: checking for style of include used by make
configure:3636: result: GNU
configure:3707: checking for gcc
configure:3723: found /usr/bin/gcc
configure:3734: result: gcc
configure:3963: checking for C compiler version
configure:3972: gcc --version >&5
gcc (Ubuntu 4.8.2-19ubuntu1) 4.8.2
Copyright (C) 2013 Free Software Foundation, Inc.
This is free software; see the source for copying conditions.  There is NO
warranty; not even for MERCHANTABILITY or FITNESS FOR A PARTICULAR PURPOSE.

configure:3983: $? = 0
configure:3972: gcc -v >&5
Using built-in specs.
COLLECT_GCC=gcc
COLLECT_LTO_WRAPPER=/usr/lib/gcc/x86_64-linux-gnu/4.8/lto-wrapper
Target: x86_64-linux-gnu
Configured with: ../src/configure -v --with-pkgversion='Ubuntu 4.8.2-19ubuntu1' --with-bugurl=file:///usr/share/doc/gcc-4.8/README.Bugs --enable-languages=c,c++,java,go,d,fortran,objc,obj-c++ --prefix=/usr --program-suffix=-4.8 --enable-shared --enable-linker-build-id --libexecdir=/usr/lib --without-included-gettext --enable-threads=posix --with-gxx-include-dir=/usr/include/c++/4.8 --libdir=/usr/lib --enable-nls --with-sysroot=/ --enable-clocale=gnu --enable-libstdcxx-debug --enable-libstdcxx-time=yes --enable-gnu-unique-object --disable-libmudflap --enable-plugin --with-system-zlib --disable-browser-plugin --enable-java-awt=gtk --enable-gtk-cairo --with-java-home=/usr/lib/jvm/java-1.5.0-gcj-4.8-amd64/jre --enable-java-home --with-jvm-root-dir=/usr/lib/jvm/java-1.5.0-gcj-4.8-amd64 --with-jvm-jar-dir=/usr/lib/jvm-exports/java-1.5.0-gcj-4.8-amd64 --with-arch-directory=amd64 --with-ecj-jar=/usr/share/java/eclipse-ecj.jar --enable-objc-gc --enable-multiarch --disable-werror --with-arch-32=i686 --with-abi=m64 --with-multilib-list=m32,m64,mx32 --with-tune=generic --enable-checking=release --build=x86_64-linux-gnu --host=x86_64-linux-gnu --target=x86_64-linux-gnu
Thread model: posix
gcc version 4.8.2 (Ubuntu 4.8.2-19ubuntu1) 
configure:3983: $? = 0
configure:3972: gcc -V >&5
gcc: error: unrecognized command line option '-V'
gcc: fatal error: no input files
compilation terminated.
configure:3983: $? = 4
configure:3972: gcc -qversion >&5
gcc: error: unrecognized command line option '-qversion'
gcc: fatal error: no input files
compilation terminated.
configure:3983: $? = 4
configure:4003: checking whether the C compiler works
configure:4025: gcc    conftest.c  >&5
configure:4029: $? = 0
configure:4077: result: yes
configure:4080: checking for C compiler default output file name
configure:4082: result: a.out
configure:4088: checking for suffix of executables
configure:4095: gcc -o conftest    conftest.c  >&5
configure:4099: $? = 0
configure:4121: result: 
configure:4143: checking whether we are cross compiling
configure:4151: gcc -o conftest    conftest.c  >&5
configure:4155: $? = 0
configure:4162: ./conftest
configure:4166: $? = 0
configure:4181: result: no
configure:4186: checking for suffix of object files
configure:4208: gcc -c   conftest.c >&5
configure:4212: $? = 0
configure:4233: result: o
configure:4237: checking whether we are using the GNU C compiler
configure:4256: gcc -c   conftest.c >&5
configure:4256: $? = 0
configure:4265: result: yes
configure:4274: checking whether gcc accepts -g
configure:4294: gcc -c -g  conftest.c >&5
configure:4294: $? = 0
configure:4335: result: yes
configure:4352: checking for gcc option to accept ISO C89
configure:4415: gcc  -c -g -O2  conftest.c >&5
configure:4415: $? = 0
configure:4428: result: none needed
configure:4453: checking whether gcc understands -c and -o together
configure:4475: gcc -c conftest.c -o conftest2.o
configure:4478: $? = 0
configure:4475: gcc -c conftest.c -o conftest2.o
configure:4478: $? = 0
configure:4490: result: yes
configure:4509: checking dependency style of gcc
configure:4620: result: gcc3
configure:4635: checking for a sed that does not truncate output
configure:4699: result: /bin/sed
configure:4717: checking for grep that handles long lines and -e
configure:4775: result: /bin/grep
configure:4780: checking for egrep
configure:4842: result: /bin/grep -E
configure:4847: checking for fgrep
configure:4909: result: /bin/grep -F
configure:4944: checking for ld used by gcc
configure:5011: result: /usr/bin/ld
configure:5018: checking if the linker (/usr/bin/ld) is GNU ld
configure:5033: result: yes
configure:5045: checking for BSD- or MS-compatible name lister (nm)
configure:5094: result: /usr/bin/nm -B
configure:5224: checking the name lister (/usr/bin/nm -B) interface
configure:5231: gcc -c -g -O2  conftest.c >&5
configure:5234: /usr/bin/nm -B "conftest.o"
configure:5237: output
0000000000000000 B some_variable
configure:5244: result: BSD nm
configure:5247: checking whether ln -s works
configure:5251: result: yes
configure:5259: checking the maximum length of command line arguments
configure:5389: result: 1572864
configure:5406: checking whether the shell understands some XSI constructs
configure:5416: result: yes
configure:5420: checking whether the shell understands "+="
configure:5426: result: yes
configure:5461: checking how to convert x86_64-unknown-linux-gnu file names to x86_64-unknown-linux-gnu format
configure:5501: result: func_convert_file_noop
configure:5508: checking how to convert x86_64-unknown-linux-gnu file names to toolchain format
configure:5528: result: func_convert_file_noop
configure:5535: checking for /usr/bin/ld option to reload object files
configure:5542: result: -r
configure:5616: checking for objdump
configure:5632: found /usr/bin/objdump
configure:5643: result: objdump
configure:5675: checking how to recognize dependent libraries
configure:5877: result: pass_all
configure:5962: checking for dlltool
configure:5992: result: no
configure:6022: checking how to associate runtime and link libraries
configure:6049: result: printf %s\n
configure:6110: checking for ar
configure:6126: found /usr/bin/ar
configure:6137: result: ar
configure:6174: checking for archiver @FILE support
configure:6191: gcc -c -g -O2  conftest.c >&5
configure:6191: $? = 0
configure:6194: ar cru libconftest.a @conftest.lst >&5
configure:6197: $? = 0
configure:6202: ar cru libconftest.a @conftest.lst >&5
ar: conftest.o: No such file or directory
configure:6205: $? = 1
configure:6217: result: @
configure:6275: checking for strip
configure:6291: found /usr/bin/strip
configure:6302: result: strip
configure:6374: checking for ranlib
configure:6390: found /usr/bin/ranlib
configure:6401: result: ranlib
configure:6503: checking command to parse /usr/bin/nm -B output from gcc object
configure:6623: gcc -c -g -O2  conftest.c >&5
configure:6626: $? = 0
configure:6630: /usr/bin/nm -B conftest.o \| sed -n -e 's/^.*[ ]\([ABCDGIRSTW][ABCDGIRSTW]*\)[ ][ ]*\([_A-Za-z][_A-Za-z0-9]*\)$/\1 \2 \2/p' | sed '/ __gnu_lto/d' \> conftest.nm
configure:6633: $? = 0
configure:6699: gcc -o conftest -g -O2   conftest.c conftstm.o >&5
configure:6702: $? = 0
configure:6740: result: ok
configure:6777: checking for sysroot
configure:6807: result: no
configure:6884: gcc -c -g -O2  conftest.c >&5
configure:6887: $? = 0
configure:7063: checking for mt
configure:7079: found /bin/mt
configure:7090: result: mt
configure:7113: checking if mt is a manifest tool
configure:7119: mt '-?'
configure:7127: result: no
configure:7769: checking how to run the C preprocessor
configure:7800: gcc -E  conftest.c
configure:7800: $? = 0
configure:7814: gcc -E  conftest.c
conftest.c:11:28: fatal error: ac_nonexistent.h: No such file or directory
 #include <ac_nonexistent.h>
                            ^
compilation terminated.
configure:7814: $? = 1
configure: failed program was:
| /* confdefs.h */
| #define PACKAGE_NAME "auctionManager"
| #define PACKAGE_TARNAME "auctionmanager"
| #define PACKAGE_VERSION "0.1"
| #define PACKAGE_STRING "auctionManager 0.1"
| #define PACKAGE_BUGREPORT "la.marentes455@uniandes.edu.co"
| #define PACKAGE_URL ""
| #define PACKAGE "auctionmanager"
| #define VERSION "0.1"
| /* end confdefs.h.  */
| #include <ac_nonexistent.h>
configure:7839: result: gcc -E
configure:7859: gcc -E  conftest.c
configure:7859: $? = 0
configure:7873: gcc -E  conftest.c
conftest.c:11:28: fatal error: ac_nonexistent.h: No such file or directory
 #include <ac_nonexistent.h>
                            ^
compilation terminated.
configure:7873: $? = 1
configure: failed program was:
| /* confdefs.h */
| #define PACKAGE_NAME "auctionManager"
| #define PACKAGE_TARNAME "auctionmanager"
| #define PACKAGE_VERSION "0.1"
| #define PACKAGE_STRING "auctionManager 0.1"
| #define PACKAGE_BUGREPORT "la.marentes455@uniandes.edu.co"
| #define PACKAGE_URL ""
| #define PACKAGE "auctionmanager"
| #define VERSION "0.1"
| /* end confdefs.h.  */
| #include <ac_nonexistent.h>
configure:7902: checking for ANSI C header files
configure:7922: gcc -c -g -O2  conftest.c >&5
configure:7922: $? = 0
configure:7995: gcc -o conftest -g -O2   conftest.c  >&5
configure:7995: $? = 0
configure:7995: ./conftest
configure:7995: $? = 0
configure:8006: result: yes
configure:8019: checking for sys/types.h
configure:8019: gcc -c -g -O2  conftest.c >&5
configure:8019: $? = 0
configure:8019: result: yes
configure:8019: checking for sys/stat.h
configure:8019: gcc -c -g -O2  conftest.c >&5
configure:8019: $? = 0
configure:8019: result: yes
configure:8019: checking for stdlib.h
configure:8019: gcc -c -g -O2  conftest.c >&5
configure:8019: $? = 0
configure:8019: result: yes
configure:8019: checking for string.h
configure:8019: gcc -c -g -O2  conftest.c >&5
configure:8019: $? = 0
configure:8019: result: yes
configure:8019: checking for memory.h
configure:8019: gcc -c -g -O2  conftest.c >&5
configure:8019: $? = 0
configure:8019: result: yes
configure:8019: checking for strings.h
configure:8019: gcc -c -g -O2  conftest.c >&5
configure:8019: $? = 0
configure:8019: result: yes
configure:8019: checking for inttypes.h
configure:8019: gcc -c -g -O2  conftest.c >&5
configure:8019: $? = 0
configure:8019: result: yes
configure:8019: checking for stdint.h
configure:8019: gcc -c -g -O2  conftest.c >&5
configure:8019: $? = 0
configure:8019: result: yes
configure:8019: checking for unistd.h
configure:8019: gcc -c -g -O2  conftest.c >&5
configure:8019: $? = 0
configure:8019: result: yes
configure:8033: checking for dlfcn.h
configure:8033: gcc -c -g -O2  conftest.c >&5
configure:8033: $? = 0
configure:8033: result: yes
configure:8239: checking for objdir
configure:8254: result: .libs
configure:8525: checking if gcc supports -fno-rtti -fno-exceptions
configure:8543: gcc -c -g -O2  -fno-rtti -fno-exceptions conftest.c >&5
cc1: warning: command line option '-fno-rtti' is valid for C++/ObjC++ but not for C [enabled by default]
configure:8547: $? = 0
configure:8560: result: no
configure:8887: checking for gcc option to produce PIC
configure:8894: result: -fPIC -DPIC
configure:8902: checking if gcc PIC flag -fPIC -DPIC works
configure:8920: gcc -c -g -O2  -fPIC -DPIC -DPIC conftest.c >&5
configure:8924: $? = 0
configure:8937: result: yes
configure:8966: checking if gcc static flag -static works
configure:8994: result: yes
configure:9009: checking if gcc supports -c -o file.o
configure:9030: gcc -c -g -O2  -o out/conftest2.o conftest.c >&5
configure:9034: $? = 0
configure:9056: result: yes
configure:9064: checking if gcc supports -c -o file.o
configure:9111: result: yes
configure:9144: checking whether the gcc linker (/usr/bin/ld -m elf_x86_64) supports shared libraries
configure:10301: result: yes
configure:10338: checking whether -lc should be explicitly linked in
configure:10346: gcc -c -g -O2  conftest.c >&5
configure:10349: $? = 0
configure:10364: gcc -shared  -fPIC -DPIC conftest.o  -v -Wl,-soname -Wl,conftest -o conftest 2\>\&1 \| /bin/grep  -lc  \>/dev/null 2\>\&1
configure:10367: $? = 0
configure:10381: result: no
configure:10541: checking dynamic linker characteristics
configure:11052: gcc -o conftest -g -O2   -Wl,-rpath -Wl,/foo conftest.c  >&5
configure:11052: $? = 0
configure:11286: result: GNU/Linux ld.so
configure:11393: checking how to hardcode library paths into programs
configure:11418: result: immediate
configure:11958: checking whether stripping libraries is possible
configure:11963: result: yes
configure:11998: checking if libtool supports shared libraries
configure:12000: result: yes
configure:12003: checking whether to build shared libraries
configure:12024: result: yes
configure:12027: checking whether to build static libraries
configure:12031: result: yes
configure:12082: checking whether to enable maintainer-specific portions of Makefiles
configure:12091: result: no
configure:12164: checking for g++
configure:12180: found /usr/bin/g++
configure:12191: result: g++
configure:12218: checking for C++ compiler version
configure:12227: g++ --version >&5
g++ (Ubuntu 4.8.2-19ubuntu1) 4.8.2
Copyright (C) 2013 Free Software Foundation, Inc.
This is free software; see the source for copying conditions.  There is NO
warranty; not even for MERCHANTABILITY or FITNESS FOR A PARTICULAR PURPOSE.

configure:12238: $? = 0
configure:12227: g++ -v >&5
Using built-in specs.
COLLECT_GCC=g++
COLLECT_LTO_WRAPPER=/usr/lib/gcc/x86_64-linux-gnu/4.8/lto-wrapper
Target: x86_64-linux-gnu
Configured with: ../src/configure -v --with-pkgversion='Ubuntu 4.8.2-19ubuntu1' --with-bugurl=file:///usr/share/doc/gcc-4.8/README.Bugs --enable-languages=c,c++,java,go,d,fortran,objc,obj-c++ --prefix=/usr --program-suffix=-4.8 --enable-shared --enable-linker-build-id --libexecdir=/usr/lib --without-included-gettext --enable-threads=posix --with-gxx-include-dir=/usr/include/c++/4.8 --libdir=/usr/lib --enable-nls --with-sysroot=/ --enable-clocale=gnu --enable-libstdcxx-debug --enable-libstdcxx-time=yes --enable-gnu-unique-object --disable-libmudflap --enable-plugin --with-system-zlib --disable-browser-plugin --enable-java-awt=gtk --enable-gtk-cairo --with-java-home=/usr/lib/jvm/java-1.5.0-gcj-4.8-amd64/jre --enable-java-home --with-jvm-root-dir=/usr/lib/jvm/java-1.5.0-gcj-4.8-amd64 --with-jvm-jar-dir=/usr/lib/jvm-exports/java-1.5.0-gcj-4.8-amd64 --with-arch-directory=amd64 --with-ecj-jar=/usr/share/java/eclipse-ecj.jar --enable-objc-gc --enable-multiarch --disable-werror --with-arch-32=i686 --with-abi=m64 --with-multilib-list=m32,m64,mx32 --with-tune=generic --enable-checking=release --build=x86_64-linux-gnu --host=x86_64-linux-gnu --target=x86_64-linux-gnu
Thread model: posix
gcc version 4.8.2 (Ubuntu 4.8.2-19ubuntu1) 
configure:12238: $? = 0
configure:12227: g++ -V >&5
g++: error: unrecognized command line option '-V'
g++: fatal error: no input files
compilation terminated.
configure:12238: $? = 4
configure:12227: g++ -qversion >&5
g++: error: unrecognized command line option '-qversion'
g++: fatal error: no input files
compilation terminated.
configure:12238: $? = 4
configure:12242: checking whether we are using the GNU C++ compiler
configure:12261: g++ -c   conftest.cpp >&5
configure:12261: $? = 0
configure:12270: result: yes
configure:12279: checking whether g++ accepts -g
configure:12299: g++ -c -g  conftest.cpp >&5
configure:12299: $? = 0
configure:12340: result: yes
configure:12365: checking dependency style of g++
configure:12476: result: gcc3
configure:12509: checking how to run the C++ preprocessor
configure:12536: g++ -E  conftest.cpp
configure:12536: $? = 0
configure:12550: g++ -E  conftest.cpp
conftest.cpp:23:28: fatal error: ac_nonexistent.h: No such file or directory
 #include <ac_nonexistent.h>
                            ^
compilation terminated.
configure:12550: $? = 1
configure: failed program was:
| /* confdefs.h */
| #define PACKAGE_NAME "auctionManager"
| #define PACKAGE_TARNAME "auctionmanager"
| #define PACKAGE_VERSION "0.1"
| #define PACKAGE_STRING "auctionManager 0.1"
| #define PACKAGE_BUGREPORT "la.marentes455@uniandes.edu.co"
| #define PACKAGE_URL ""
| #define PACKAGE "auctionmanager"
| #define VERSION "0.1"
| #define STDC_HEADERS 1
| #define HAVE_SYS_TYPES_H 1
| #define HAVE_SYS_STAT_H 1
| #define HAVE_STDLIB_H 1
| #define HAVE_STRING_H 1
| #define HAVE_MEMORY_H 1
| #define HAVE_STRINGS_H 1
| #define HAVE_INTTYPES_H 1
| #define HAVE_STDINT_H 1
| #define HAVE_UNISTD_H 1
| #define HAVE_DLFCN_H 1
| #define LT_OBJDIR ".libs/"
| /* end confdefs.h.  */
| #include <ac_nonexistent.h>
configure:12575: result: g++ -E
configure:12595: g++ -E  conftest.cpp
configure:12595: $? = 0
configure:12609: g++ -E  conftest.cpp
conftest.cpp:23:28: fatal error: ac_nonexistent.h: No such file or directory
 #include <ac_nonexistent.h>
                            ^
compilation terminated.
configure:12609: $? = 1
configure: failed program was:
| /* confdefs.h */
| #define PACKAGE_NAME "auctionManager"
| #define PACKAGE_TARNAME "auctionmanager"
| #define PACKAGE_VERSION "0.1"
| #define PACKAGE_STRING "auctionManager 0.1"
| #define PACKAGE_BUGREPORT "la.marentes455@uniandes.edu.co"
| #define PACKAGE_URL ""
| #define PACKAGE "auctionmanager"
| #define VERSION "0.1"
| #define STDC_HEADERS 1
| #define HAVE_SYS_TYPES_H 1
| #define HAVE_SYS_STAT_H 1
| #define HAVE_STDLIB_H 1
| #define HAVE_STRING_H 1
| #define HAVE_MEMORY_H 1
| #define HAVE_STRINGS_H 1
| #define HAVE_INTTYPES_H 1
| #define HAVE_STDINT_H 1
| #define HAVE_UNISTD_H 1
| #define HAVE_DLFCN_H 1
| #define LT_OBJDIR ".libs/"
| /* end confdefs.h.  */
| #include <ac_nonexistent.h>
configure:12778: checking for ld used by g++
configure:12845: result: /usr/bin/ld -m elf_x86_64
configure:12852: checking if the linker (/usr/bin/ld -m elf_x86_64) is GNU ld
configure:12867: result: yes
configure:12922: checking whether the g++ linker (/usr/bin/ld -m elf_x86_64) supports shared libraries
configure:13927: result: yes
configure:13963: g++ -c -g -O2  conftest.cpp >&5
configure:13966: $? = 0
configure:14486: checking for g++ option to produce PIC
configure:14493: result: -fPIC -DPIC
configure:14501: checking if g++ PIC flag -fPIC -DPIC works
configure:14519: g++ -c -g -O2  -fPIC -DPIC -DPIC conftest.cpp >&5
configure:14523: $? = 0
configure:14536: result: yes
configure:14559: checking if g++ static flag -static works
configure:14587: result: yes
configure:14599: checking if g++ supports -c -o file.o
configure:14620: g++ -c -g -O2  -o out/conftest2.o conftest.cpp >&5
configure:14624: $? = 0
configure:14646: result: yes
configure:14651: checking if g++ supports -c -o file.o
configure:14698: result: yes
configure:14728: checking whether the g++ linker (/usr/bin/ld -m elf_x86_64) supports shared libraries
configure:14767: result: yes
configure:14908: checking dynamic linker characteristics
configure:15587: result: GNU/Linux ld.so
configure:15640: checking how to hardcode library paths into programs
configure:15665: result: immediate
configure:15753: checking for gcc
configure:15780: result: gcc
configure:16009: checking for C compiler version
configure:16018: gcc --version >&5
gcc (Ubuntu 4.8.2-19ubuntu1) 4.8.2
Copyright (C) 2013 Free Software Foundation, Inc.
This is free software; see the source for copying conditions.  There is NO
warranty; not even for MERCHANTABILITY or FITNESS FOR A PARTICULAR PURPOSE.

configure:16029: $? = 0
configure:16018: gcc -v >&5
Using built-in specs.
COLLECT_GCC=gcc
COLLECT_LTO_WRAPPER=/usr/lib/gcc/x86_64-linux-gnu/4.8/lto-wrapper
Target: x86_64-linux-gnu
Configured with: ../src/configure -v --with-pkgversion='Ubuntu 4.8.2-19ubuntu1' --with-bugurl=file:///usr/share/doc/gcc-4.8/README.Bugs --enable-languages=c,c++,java,go,d,fortran,objc,obj-c++ --prefix=/usr --program-suffix=-4.8 --enable-shared --enable-linker-build-id --libexecdir=/usr/lib --without-included-gettext --enable-threads=posix --with-gxx-include-dir=/usr/include/c++/4.8 --libdir=/usr/lib --enable-nls --with-sysroot=/ --enable-clocale=gnu --enable-libstdcxx-debug --enable-libstdcxx-time=yes --enable-gnu-unique-object --disable-libmudflap --enable-plugin --with-system-zlib --disable-browser-plugin --enable-java-awt=gtk --enable-gtk-cairo --with-java-home=/usr/lib/jvm/java-1.5.0-gcj-4.8-amd64/jre --enable-java-home --with-jvm-root-dir=/usr/lib/jvm/java-1.5.0-gcj-4.8-amd64 --with-jvm-jar-dir=/usr/lib/jvm-exports/java-1.5.0-gcj-4.8-amd64 --with-arch-directory=amd64 --with-ecj-jar=/usr/share/java/eclipse-ecj.jar --enable-objc-gc --enable-multiarch --disable-werror --with-arch-32=i686 --with-abi=m64 --with-multilib-list=m32,m64,mx32 --with-tune=generic --enable-checking=release --build=x86_64-linux-gnu --host=x86_64-linux-gnu --target=x86_64-linux-gnu
Thread model: posix
gcc version 4.8.2 (Ubuntu 4.8.2-19ubuntu1) 
configure:16029: $? = 0
configure:16018: gcc -V >&5
gcc: error: unrecognized command line option '-V'
gcc: fatal error: no input files
compilation terminated.
configure:16029: $? = 4
configure:16018: gcc -qversion >&5
gcc: error: unrecognized command line option '-qversion'
gcc: fatal error: no input files
compilation terminated.
configure:16029: $? = 4
configure:16033: checking whether we are using the GNU C compiler
configure:16061: result: yes
configure:16070: checking whether gcc accepts -g
configure:16131: result: yes
configure:16148: checking for gcc option to accept ISO C89
configure:16224: result: none needed
configure:16249: checking whether gcc understands -c and -o together
configure:16286: result: yes
configure:16305: checking dependency style of gcc
configure:16416: result: gcc3
configure:16436: checking how to run the C preprocessor
configure:16506: result: gcc -E
configure:16526: gcc -E  conftest.c
configure:16526: $? = 0
configure:16540: gcc -E  conftest.c
conftest.c:23:28: fatal error: ac_nonexistent.h: No such file or directory
 #include <ac_nonexistent.h>
                            ^
compilation terminated.
configure:16540: $? = 1
configure: failed program was:
| /* confdefs.h */
| #define PACKAGE_NAME "auctionManager"
| #define PACKAGE_TARNAME "auctionmanager"
| #define PACKAGE_VERSION "0.1"
| #define PACKAGE_STRING "auctionManager 0.1"
| #define PACKAGE_BUGREPORT "la.marentes455@uniandes.edu.co"
| #define PACKAGE_URL ""
| #define PACKAGE "auctionmanager"
| #define VERSION "0.1"
| #define STDC_HEADERS 1
| #define HAVE_SYS_TYPES_H 1
| #define HAVE_SYS_STAT_H 1
| #define HAVE_STDLIB_H 1
| #define HAVE_STRING_H 1
| #define HAVE_MEMORY_H 1
| #define HAVE_STRINGS_H 1
| #define HAVE_INTTYPES_H 1
| #define HAVE_STDINT_H 1
| #define HAVE_UNISTD_H 1
| #define HAVE_DLFCN_H 1
| #define LT_OBJDIR ".libs/"
| /* end confdefs.h.  */
| #include <ac_nonexistent.h>
configure:16572: checking for gawk
configure:16599: result: gawk
configure:16613: checking whether make sets $(MAKE)
configure:16635: result: yes
configure:16652: checking for dlopen in -ldl
configure:16677: g++ -o conftest -g -O2   conftest.cpp -ldl   >&5
configure:16677: $? = 0
configure:16686: result: yes
configure:17061: checking for tgetent in -ltermcap
configure:17086: g++ -o conftest  -Wall -Wno-deprecated    -L/lib -L/usr/local/lib -L/usr/lib  conftest.cpp -ltermcap  -ldl  >&5
configure:17086: $? = 0
configure:17095: result: yes
configure:17104: checking readline/readline.h usability
configure:17104: g++ -c  -Wall -Wno-deprecated   conftest.cpp >&5
configure:17104: $? = 0
configure:17104: result: yes
configure:17104: checking readline/readline.h presence
configure:17104: g++ -E  conftest.cpp
configure:17104: $? = 0
configure:17104: result: yes
configure:17104: checking for readline/readline.h
configure:17104: result: yes
configure:17104: checking readline/history.h usability
configure:17104: g++ -c  -Wall -Wno-deprecated   conftest.cpp >&5
configure:17104: $? = 0
configure:17104: result: yes
configure:17104: checking readline/history.h presence
configure:17104: g++ -E  conftest.cpp
configure:17104: $? = 0
configure:17104: result: yes
configure:17104: checking for readline/history.h
configure:17104: result: yes
configure:17116: checking for readline in -lreadline
configure:17141: g++ -o conftest  -Wall -Wno-deprecated    -L/lib -L/usr/local/lib -L/usr/lib  -ltermcap conftest.cpp -lreadline  -ldl  >&5
configure:17141: $? = 0
configure:17150: result: yes
configure:17165: checking size of off_t
configure:17170: g++ -o conftest  -Wall -Wno-deprecated    -L/lib -L/usr/local/lib -L/usr/lib  -ltermcap conftest.cpp -ldl  >&5
configure:17170: $? = 0
configure:17170: ./conftest
configure:17170: $? = 0
configure:17184: result: 8
configure:17199: checking for dirent.h that defines DIR
configure:17218: g++ -c  -Wall -Wno-deprecated   conftest.cpp >&5
configure:17218: $? = 0
configure:17226: result: yes
configure:17239: checking for library containing opendir
configure:17270: g++ -o conftest  -Wall -Wno-deprecated    -L/lib -L/usr/local/lib -L/usr/lib  -ltermcap conftest.cpp -ldl  >&5
configure:17270: $? = 0
configure:17287: result: none required
configure:17354: checking for ANSI C header files
configure:17458: result: yes
configure:17466: checking for sys/wait.h that is POSIX.1 compatible
configure:17492: g++ -c  -Wall -Wno-deprecated   conftest.cpp >&5
configure:17492: $? = 0
configure:17499: result: yes
configure:17510: checking net/bpf.h usability
configure:17510: g++ -c  -Wall -Wno-deprecated   conftest.cpp >&5
conftest.cpp:65:21: fatal error: net/bpf.h: No such file or directory
 #include <net/bpf.h>
                     ^
compilation terminated.
configure:17510: $? = 1
configure: failed program was:
| /* confdefs.h */
| #define PACKAGE_NAME "auctionManager"
| #define PACKAGE_TARNAME "auctionmanager"
| #define PACKAGE_VERSION "0.1"
| #define PACKAGE_STRING "auctionManager 0.1"
| #define PACKAGE_BUGREPORT "la.marentes455@uniandes.edu.co"
| #define PACKAGE_URL ""
| #define PACKAGE "auctionmanager"
| #define VERSION "0.1"
| #define STDC_HEADERS 1
| #define HAVE_SYS_TYPES_H 1
| #define HAVE_SYS_STAT_H 1
| #define HAVE_STDLIB_H 1
| #define HAVE_STRING_H 1
| #define HAVE_MEMORY_H 1
| #define HAVE_STRINGS_H 1
| #define HAVE_INTTYPES_H 1
| #define HAVE_STDINT_H 1
| #define HAVE_UNISTD_H 1
| #define HAVE_DLFCN_H 1
| #define LT_OBJDIR ".libs/"
| #define HAVE_LIBDL 1
| #define UNIX 1
| #define ENABLE_DEBUG 1
| #define HAVE_READLINE_READLINE_H 1
| #define HAVE_READLINE_HISTORY_H 1
| #define SIZEOF_OFF_T 8
| #define HAVE_DIRENT_H 1
| #define STDC_HEADERS 1
| #define HAVE_SYS_WAIT_H 1
| /* end confdefs.h.  */
| #include <stdio.h>
| #ifdef HAVE_SYS_TYPES_H
| # include <sys/types.h>
| #endif
| #ifdef HAVE_SYS_STAT_H
| # include <sys/stat.h>
| #endif
| #ifdef STDC_HEADERS
| # include <stdlib.h>
| # include <stddef.h>
| #else
| # ifdef HAVE_STDLIB_H
| #  include <stdlib.h>
| # endif
| #endif
| #ifdef HAVE_STRING_H
| # if !defined STDC_HEADERS && defined HAVE_MEMORY_H
| #  include <memory.h>
| # endif
| # include <string.h>
| #endif
| #ifdef HAVE_STRINGS_H
| # include <strings.h>
| #endif
| #ifdef HAVE_INTTYPES_H
| # include <inttypes.h>
| #endif
| #ifdef HAVE_STDINT_H
| # include <stdint.h>
| #endif
| #ifdef HAVE_UNISTD_H
| # include <unistd.h>
| #endif
| #include <net/bpf.h>
configure:17510: result: no
configure:17510: checking net/bpf.h presence
configure:17510: g++ -E  conftest.cpp
conftest.cpp:32:21: fatal error: net/bpf.h: No such file or directory
 #include <net/bpf.h>
                     ^
compilation terminated.
configure:17510: $? = 1
configure: failed program was:
| /* confdefs.h */
| #define PACKAGE_NAME "auctionManager"
| #define PACKAGE_TARNAME "auctionmanager"
| #define PACKAGE_VERSION "0.1"
| #define PACKAGE_STRING "auctionManager 0.1"
| #define PACKAGE_BUGREPORT "la.marentes455@uniandes.edu.co"
| #define PACKAGE_URL ""
| #define PACKAGE "auctionmanager"
| #define VERSION "0.1"
| #define STDC_HEADERS 1
| #define HAVE_SYS_TYPES_H 1
| #define HAVE_SYS_STAT_H 1
| #define HAVE_STDLIB_H 1
| #define HAVE_STRING_H 1
| #define HAVE_MEMORY_H 1
| #define HAVE_STRINGS_H 1
| #define HAVE_INTTYPES_H 1
| #define HAVE_STDINT_H 1
| #define HAVE_UNISTD_H 1
| #define HAVE_DLFCN_H 1
| #define LT_OBJDIR ".libs/"
| #define HAVE_LIBDL 1
| #define UNIX 1
| #define ENABLE_DEBUG 1
| #define HAVE_READLINE_READLINE_H 1
| #define HAVE_READLINE_HISTORY_H 1
| #define SIZEOF_OFF_T 8
| #define HAVE_DIRENT_H 1
| #define STDC_HEADERS 1
| #define HAVE_SYS_WAIT_H 1
| /* end confdefs.h.  */
| #include <net/bpf.h>
configure:17510: result: no
configure:17510: checking for net/bpf.h
configure:17510: result: no
configure:17510: checking net/ethernet.h usability
configure:17510: g++ -c  -Wall -Wno-deprecated   conftest.cpp >&5
configure:17510: $? = 0
configure:17510: result: yes
configure:17510: checking net/ethernet.h presence
configure:17510: g++ -E  conftest.cpp
configure:17510: $? = 0
configure:17510: result: yes
configure:17510: checking for net/ethernet.h
configure:17510: result: yes
configure:17510: checking ether.h usability
configure:17510: g++ -c  -Wall -Wno-deprecated   conftest.cpp >&5
conftest.cpp:66:19: fatal error: ether.h: No such file or directory
 #include <ether.h>
                   ^
compilation terminated.
configure:17510: $? = 1
configure: failed program was:
| /* confdefs.h */
| #define PACKAGE_NAME "auctionManager"
| #define PACKAGE_TARNAME "auctionmanager"
| #define PACKAGE_VERSION "0.1"
| #define PACKAGE_STRING "auctionManager 0.1"
| #define PACKAGE_BUGREPORT "la.marentes455@uniandes.edu.co"
| #define PACKAGE_URL ""
| #define PACKAGE "auctionmanager"
| #define VERSION "0.1"
| #define STDC_HEADERS 1
| #define HAVE_SYS_TYPES_H 1
| #define HAVE_SYS_STAT_H 1
| #define HAVE_STDLIB_H 1
| #define HAVE_STRING_H 1
| #define HAVE_MEMORY_H 1
| #define HAVE_STRINGS_H 1
| #define HAVE_INTTYPES_H 1
| #define HAVE_STDINT_H 1
| #define HAVE_UNISTD_H 1
| #define HAVE_DLFCN_H 1
| #define LT_OBJDIR ".libs/"
| #define HAVE_LIBDL 1
| #define UNIX 1
| #define ENABLE_DEBUG 1
| #define HAVE_READLINE_READLINE_H 1
| #define HAVE_READLINE_HISTORY_H 1
| #define SIZEOF_OFF_T 8
| #define HAVE_DIRENT_H 1
| #define STDC_HEADERS 1
| #define HAVE_SYS_WAIT_H 1
| #define HAVE_NET_ETHERNET_H 1
| /* end confdefs.h.  */
| #include <stdio.h>
| #ifdef HAVE_SYS_TYPES_H
| # include <sys/types.h>
| #endif
| #ifdef HAVE_SYS_STAT_H
| # include <sys/stat.h>
| #endif
| #ifdef STDC_HEADERS
| # include <stdlib.h>
| # include <stddef.h>
| #else
| # ifdef HAVE_STDLIB_H
| #  include <stdlib.h>
| # endif
| #endif
| #ifdef HAVE_STRING_H
| # if !defined STDC_HEADERS && defined HAVE_MEMORY_H
| #  include <memory.h>
| # endif
| # include <string.h>
| #endif
| #ifdef HAVE_STRINGS_H
| # include <strings.h>
| #endif
| #ifdef HAVE_INTTYPES_H
| # include <inttypes.h>
| #endif
| #ifdef HAVE_STDINT_H
| # include <stdint.h>
| #endif
| #ifdef HAVE_UNISTD_H
| # include <unistd.h>
| #endif
| #include <ether.h>
configure:17510: result: no
configure:17510: checking ether.h presence
configure:17510: g++ -E  conftest.cpp
conftest.cpp:33:19: fatal error: ether.h: No such file or directory
 #include <ether.h>
                   ^
compilation terminated.
configure:17510: $? = 1
configure: failed program was:
| /* confdefs.h */
| #define PACKAGE_NAME "auctionManager"
| #define PACKAGE_TARNAME "auctionmanager"
| #define PACKAGE_VERSION "0.1"
| #define PACKAGE_STRING "auctionManager 0.1"
| #define PACKAGE_BUGREPORT "la.marentes455@uniandes.edu.co"
| #define PACKAGE_URL ""
| #define PACKAGE "auctionmanager"
| #define VERSION "0.1"
| #define STDC_HEADERS 1
| #define HAVE_SYS_TYPES_H 1
| #define HAVE_SYS_STAT_H 1
| #define HAVE_STDLIB_H 1
| #define HAVE_STRING_H 1
| #define HAVE_MEMORY_H 1
| #define HAVE_STRINGS_H 1
| #define HAVE_INTTYPES_H 1
| #define HAVE_STDINT_H 1
| #define HAVE_UNISTD_H 1
| #define HAVE_DLFCN_H 1
| #define LT_OBJDIR ".libs/"
| #define HAVE_LIBDL 1
| #define UNIX 1
| #define ENABLE_DEBUG 1
| #define HAVE_READLINE_READLINE_H 1
| #define HAVE_READLINE_HISTORY_H 1
| #define SIZEOF_OFF_T 8
| #define HAVE_DIRENT_H 1
| #define STDC_HEADERS 1
| #define HAVE_SYS_WAIT_H 1
| #define HAVE_NET_ETHERNET_H 1
| /* end confdefs.h.  */
| #include <ether.h>
configure:17510: result: no
configure:17510: checking for ether.h
configure:17510: result: no
configure:17510: checking arpa/inet.h usability
configure:17510: g++ -c  -Wall -Wno-deprecated   conftest.cpp >&5
configure:17510: $? = 0
configure:17510: result: yes
configure:17510: checking arpa/inet.h presence
configure:17510: g++ -E  conftest.cpp
configure:17510: $? = 0
configure:17510: result: yes
configure:17510: checking for arpa/inet.h
configure:17510: result: yes
configure:17510: checking fcntl.h usability
configure:17510: g++ -c  -Wall -Wno-deprecated   conftest.cpp >&5
configure:17510: $? = 0
configure:17510: result: yes
configure:17510: checking fcntl.h presence
configure:17510: g++ -E  conftest.cpp
configure:17510: $? = 0
configure:17510: result: yes
configure:17510: checking for fcntl.h
configure:17510: result: yes
configure:17510: checking netdb.h usability
configure:17510: g++ -c  -Wall -Wno-deprecated   conftest.cpp >&5
configure:17510: $? = 0
configure:17510: result: yes
configure:17510: checking netdb.h presence
configure:17510: g++ -E  conftest.cpp
configure:17510: $? = 0
configure:17510: result: yes
configure:17510: checking for netdb.h
configure:17510: result: yes
configure:17510: checking netinet/in.h usability
configure:17510: g++ -c  -Wall -Wno-deprecated   conftest.cpp >&5
configure:17510: $? = 0
configure:17510: result: yes
configure:17510: checking netinet/in.h presence
configure:17510: g++ -E  conftest.cpp
configure:17510: $? = 0
configure:17510: result: yes
configure:17510: checking for netinet/in.h
configure:17510: result: yes
configure:17510: checking for stdlib.h
configure:17510: result: yes
configure:17510: checking for string.h
configure:17510: result: yes
configure:17510: checking sys/socket.h usability
configure:17510: g++ -c  -Wall -Wno-deprecated   conftest.cpp >&5
configure:17510: $? = 0
configure:17510: result: yes
configure:17510: checking sys/socket.h presence
configure:17510: g++ -E  conftest.cpp
configure:17510: $? = 0
configure:17510: result: yes
configure:17510: checking for sys/socket.h
configure:17510: result: yes
configure:17510: checking sys/time.h usability
configure:17510: g++ -c  -Wall -Wno-deprecated   conftest.cpp >&5
configure:17510: $? = 0
configure:17510: result: yes
configure:17510: checking sys/time.h presence
configure:17510: g++ -E  conftest.cpp
configure:17510: $? = 0
configure:17510: result: yes
configure:17510: checking for sys/time.h
configure:17510: result: yes
configure:17510: checking termios.h usability
configure:17510: g++ -c  -Wall -Wno-deprecated   conftest.cpp >&5
configure:17510: $? = 0
configure:17510: result: yes
configure:17510: checking termios.h presence
configure:17510: g++ -E  conftest.cpp
configure:17510: $? = 0
configure:17510: result: yes
configure:17510: checking for termios.h
configure:17510: result: yes
configure:17510: checking for unistd.h
configure:17510: result: yes
configure:17510: checking float.h usability
configure:17510: g++ -c  -Wall -Wno-deprecated   conftest.cpp >&5
configure:17510: $? = 0
configure:17510: result: yes
configure:17510: checking float.h presence
configure:17510: g++ -E  conftest.cpp
configure:17510: $? = 0
configure:17510: result: yes
configure:17510: checking for float.h
configure:17510: result: yes
configure:17510: checking types.h usability
configure:17510: g++ -c  -Wall -Wno-deprecated   conftest.cpp >&5
conftest.cpp:77:19: fatal error: types.h: No such file or directory
 #include <types.h>
                   ^
compilation terminated.
configure:17510: $? = 1
configure: failed program was:
| /* confdefs.h */
| #define PACKAGE_NAME "auctionManager"
| #define PACKAGE_TARNAME "auctionmanager"
| #define PACKAGE_VERSION "0.1"
| #define PACKAGE_STRING "auctionManager 0.1"
| #define PACKAGE_BUGREPORT "la.marentes455@uniandes.edu.co"
| #define PACKAGE_URL ""
| #define PACKAGE "auctionmanager"
| #define VERSION "0.1"
| #define STDC_HEADERS 1
| #define HAVE_SYS_TYPES_H 1
| #define HAVE_SYS_STAT_H 1
| #define HAVE_STDLIB_H 1
| #define HAVE_STRING_H 1
| #define HAVE_MEMORY_H 1
| #define HAVE_STRINGS_H 1
| #define HAVE_INTTYPES_H 1
| #define HAVE_STDINT_H 1
| #define HAVE_UNISTD_H 1
| #define HAVE_DLFCN_H 1
| #define LT_OBJDIR ".libs/"
| #define HAVE_LIBDL 1
| #define UNIX 1
| #define ENABLE_DEBUG 1
| #define HAVE_READLINE_READLINE_H 1
| #define HAVE_READLINE_HISTORY_H 1
| #define SIZEOF_OFF_T 8
| #define HAVE_DIRENT_H 1
| #define STDC_HEADERS 1
| #define HAVE_SYS_WAIT_H 1
| #define HAVE_NET_ETHERNET_H 1
| #define HAVE_ARPA_INET_H 1
| #define HAVE_FCNTL_H 1
| #define HAVE_NETDB_H 1
| #define HAVE_NETINET_IN_H 1
| #define HAVE_STDLIB_H 1
| #define HAVE_STRING_H 1
| #define HAVE_SYS_SOCKET_H 1
| #define HAVE_SYS_TIME_H 1
| #define HAVE_TERMIOS_H 1
| #define HAVE_UNISTD_H 1
| #define HAVE_FLOAT_H 1
| /* end confdefs.h.  */
| #include <stdio.h>
| #ifdef HAVE_SYS_TYPES_H
| # include <sys/types.h>
| #endif
| #ifdef HAVE_SYS_STAT_H
| # include <sys/stat.h>
| #endif
| #ifdef STDC_HEADERS
| # include <stdlib.h>
| # include <stddef.h>
| #else
| # ifdef HAVE_STDLIB_H
| #  include <stdlib.h>
| # endif
| #endif
| #ifdef HAVE_STRING_H
| # if !defined STDC_HEADERS && defined HAVE_MEMORY_H
| #  include <memory.h>
| # endif
| # include <string.h>
| #endif
| #ifdef HAVE_STRINGS_H
| # include <strings.h>
| #endif
| #ifdef HAVE_INTTYPES_H
| # include <inttypes.h>
| #endif
| #ifdef HAVE_STDINT_H
| # include <stdint.h>
| #endif
| #ifdef HAVE_UNISTD_H
| # include <unistd.h>
| #endif
| #include <types.h>
configure:17510: result: no
configure:17510: checking types.h presence
configure:17510: g++ -E  conftest.cpp
conftest.cpp:44:19: fatal error: types.h: No such file or directory
 #include <types.h>
                   ^
compilation terminated.
configure:17510: $? = 1
configure: failed program was:
| /* confdefs.h */
| #define PACKAGE_NAME "auctionManager"
| #define PACKAGE_TARNAME "auctionmanager"
| #define PACKAGE_VERSION "0.1"
| #define PACKAGE_STRING "auctionManager 0.1"
| #define PACKAGE_BUGREPORT "la.marentes455@uniandes.edu.co"
| #define PACKAGE_URL ""
| #define PACKAGE "auctionmanager"
| #define VERSION "0.1"
| #define STDC_HEADERS 1
| #define HAVE_SYS_TYPES_H 1
| #define HAVE_SYS_STAT_H 1
| #define HAVE_STDLIB_H 1
| #define HAVE_STRING_H 1
| #define HAVE_MEMORY_H 1
| #define HAVE_STRINGS_H 1
| #define HAVE_INTTYPES_H 1
| #define HAVE_STDINT_H 1
| #define HAVE_UNISTD_H 1
| #define HAVE_DLFCN_H 1
| #define LT_OBJDIR ".libs/"
| #define HAVE_LIBDL 1
| #define UNIX 1
| #define ENABLE_DEBUG 1
| #define HAVE_READLINE_READLINE_H 1
| #define HAVE_READLINE_HISTORY_H 1
| #define SIZEOF_OFF_T 8
| #define HAVE_DIRENT_H 1
| #define STDC_HEADERS 1
| #define HAVE_SYS_WAIT_H 1
| #define HAVE_NET_ETHERNET_H 1
| #define HAVE_ARPA_INET_H 1
| #define HAVE_FCNTL_H 1
| #define HAVE_NETDB_H 1
| #define HAVE_NETINET_IN_H 1
| #define HAVE_STDLIB_H 1
| #define HAVE_STRING_H 1
| #define HAVE_SYS_SOCKET_H 1
| #define HAVE_SYS_TIME_H 1
| #define HAVE_TERMIOS_H 1
| #define HAVE_UNISTD_H 1
| #define HAVE_FLOAT_H 1
| /* end confdefs.h.  */
| #include <types.h>
configure:17510: result: no
configure:17510: checking for types.h
configure:17510: result: no
configure:17510: checking limits.h usability
configure:17510: g++ -c  -Wall -Wno-deprecated   conftest.cpp >&5
configure:17510: $? = 0
configure:17510: result: yes
configure:17510: checking limits.h presence
configure:17510: g++ -E  conftest.cpp
configure:17510: $? = 0
configure:17510: result: yes
configure:17510: checking for limits.h
configure:17510: result: yes
configure:17523: checking for stdbool.h that conforms to C99
configure:17590: g++ -c  -Wall -Wno-deprecated   conftest.cpp >&5
conftest.cpp: In function 'int main()':
conftest.cpp:94:24: warning: the address of 's' will always evaluate as 'true' [-Waddress]
              bool e = &s;
                        ^
conftest.cpp:98:23: warning: the address of 'a' will always evaluate as 'true' [-Waddress]
              return (!a + !b + !c + !d + !e + !f + !g + !h + !i + !!j + !k + !!l
                       ^
conftest.cpp:98:28: warning: the address of 'b' will always evaluate as 'true' [-Waddress]
              return (!a + !b + !c + !d + !e + !f + !g + !h + !i + !!j + !k + !!l
                            ^
conftest.cpp:98:33: warning: the address of 'c' will always evaluate as 'true' [-Waddress]
              return (!a + !b + !c + !d + !e + !f + !g + !h + !i + !!j + !k + !!l
                                 ^
conftest.cpp:98:38: warning: the address of 'd' will always evaluate as 'true' [-Waddress]
              return (!a + !b + !c + !d + !e + !f + !g + !h + !i + !!j + !k + !!l
                                      ^
conftest.cpp:98:48: warning: the address of 'f' will always evaluate as 'true' [-Waddress]
              return (!a + !b + !c + !d + !e + !f + !g + !h + !i + !!j + !k + !!l
                                                ^
conftest.cpp:98:53: warning: the address of 'g' will always evaluate as 'true' [-Waddress]
              return (!a + !b + !c + !d + !e + !f + !g + !h + !i + !!j + !k + !!l
                                                     ^
conftest.cpp:98:58: warning: the address of 'h' will always evaluate as 'true' [-Waddress]
              return (!a + !b + !c + !d + !e + !f + !g + !h + !i + !!j + !k + !!l
                                                          ^
conftest.cpp:98:63: warning: the address of 'i' will always evaluate as 'true' [-Waddress]
              return (!a + !b + !c + !d + !e + !f + !g + !h + !i + !!j + !k + !!l
                                                               ^
conftest.cpp:99:30: warning: the address of 'n' will always evaluate as 'true' [-Waddress]
                              ^
conftest.cpp:99:35: warning: the address of 'o' will always evaluate as 'true' [-Waddress]
                                   ^
conftest.cpp:99:40: warning: the address of 'p' will always evaluate as 'true' [-Waddress]
                                        ^
configure:17590: $? = 0
configure:17597: result: yes
configure:17599: checking for _Bool
configure:17599: g++ -c  -Wall -Wno-deprecated   conftest.cpp >&5
conftest.cpp: In function 'int main()':
conftest.cpp:81:13: error: '_Bool' was not declared in this scope
 if (sizeof (_Bool))
             ^
configure:17599: $? = 1
configure: failed program was:
| /* confdefs.h */
| #define PACKAGE_NAME "auctionManager"
| #define PACKAGE_TARNAME "auctionmanager"
| #define PACKAGE_VERSION "0.1"
| #define PACKAGE_STRING "auctionManager 0.1"
| #define PACKAGE_BUGREPORT "la.marentes455@uniandes.edu.co"
| #define PACKAGE_URL ""
| #define PACKAGE "auctionmanager"
| #define VERSION "0.1"
| #define STDC_HEADERS 1
| #define HAVE_SYS_TYPES_H 1
| #define HAVE_SYS_STAT_H 1
| #define HAVE_STDLIB_H 1
| #define HAVE_STRING_H 1
| #define HAVE_MEMORY_H 1
| #define HAVE_STRINGS_H 1
| #define HAVE_INTTYPES_H 1
| #define HAVE_STDINT_H 1
| #define HAVE_UNISTD_H 1
| #define HAVE_DLFCN_H 1
| #define LT_OBJDIR ".libs/"
| #define HAVE_LIBDL 1
| #define UNIX 1
| #define ENABLE_DEBUG 1
| #define HAVE_READLINE_READLINE_H 1
| #define HAVE_READLINE_HISTORY_H 1
| #define SIZEOF_OFF_T 8
| #define HAVE_DIRENT_H 1
| #define STDC_HEADERS 1
| #define HAVE_SYS_WAIT_H 1
| #define HAVE_NET_ETHERNET_H 1
| #define HAVE_ARPA_INET_H 1
| #define HAVE_FCNTL_H 1
| #define HAVE_NETDB_H 1
| #define HAVE_NETINET_IN_H 1
| #define HAVE_STDLIB_H 1
| #define HAVE_STRING_H 1
| #define HAVE_SYS_SOCKET_H 1
| #define HAVE_SYS_TIME_H 1
| #define HAVE_TERMIOS_H 1
| #define HAVE_UNISTD_H 1
| #define HAVE_FLOAT_H 1
| #define HAVE_LIMITS_H 1
| /* end confdefs.h.  */
| #include <stdio.h>
| #ifdef HAVE_SYS_TYPES_H
| # include <sys/types.h>
| #endif
| #ifdef HAVE_SYS_STAT_H
| # include <sys/stat.h>
| #endif
| #ifdef STDC_HEADERS
| # include <stdlib.h>
| # include <stddef.h>
| #else
| # ifdef HAVE_STDLIB_H
| #  include <stdlib.h>
| # endif
| #endif
| #ifdef HAVE_STRING_H
| # if !defined STDC_HEADERS && defined HAVE_MEMORY_H
| #  include <memory.h>
| # endif
| # include <string.h>
| #endif
| #ifdef HAVE_STRINGS_H
| # include <strings.h>
| #endif
| #ifdef HAVE_INTTYPES_H
| # include <inttypes.h>
| #endif
| #ifdef HAVE_STDINT_H
| # include <stdint.h>
| #endif
| #ifdef HAVE_UNISTD_H
| # include <unistd.h>
| #endif
| int
| main ()
| {
| if (sizeof (_Bool))
| 	 return 0;
|   ;
|   return 0;
| }
configure:17599: result: no
configure:17621: checking for alarm
configure:17621: g++ -o conftest  -Wall -Wno-deprecated    -L/lib -L/usr/local/lib -L/usr/lib  -ltermcap conftest.cpp -ldl  >&5
configure:17621: $? = 0
configure:17621: result: yes
configure:17621: checking for bzero
configure:17621: g++ -o conftest  -Wall -Wno-deprecated    -L/lib -L/usr/local/lib -L/usr/lib  -ltermcap conftest.cpp -ldl  >&5
configure:17621: $? = 0
configure:17621: result: yes
configure:17621: checking for floor
configure:17621: g++ -o conftest  -Wall -Wno-deprecated    -L/lib -L/usr/local/lib -L/usr/lib  -ltermcap conftest.cpp -ldl  >&5
configure:17621: $? = 0
configure:17621: result: yes
configure:17621: checking for getaddrinfo
configure:17621: g++ -o conftest  -Wall -Wno-deprecated    -L/lib -L/usr/local/lib -L/usr/lib  -ltermcap conftest.cpp -ldl  >&5
configure:17621: $? = 0
configure:17621: result: yes
configure:17621: checking for inet_ntoa
configure:17621: g++ -o conftest  -Wall -Wno-deprecated    -L/lib -L/usr/local/lib -L/usr/lib  -ltermcap conftest.cpp -ldl  >&5
configure:17621: $? = 0
configure:17621: result: yes
configure:17621: checking for gettimeofday
configure:17621: g++ -o conftest  -Wall -Wno-deprecated    -L/lib -L/usr/local/lib -L/usr/lib  -ltermcap conftest.cpp -ldl  >&5
configure:17621: $? = 0
configure:17621: result: yes
configure:17621: checking for memmove
configure:17621: g++ -o conftest  -Wall -Wno-deprecated    -L/lib -L/usr/local/lib -L/usr/lib  -ltermcap conftest.cpp -ldl  >&5
configure:17621: $? = 0
configure:17621: result: yes
configure:17621: checking for memset
configure:17621: g++ -o conftest  -Wall -Wno-deprecated    -L/lib -L/usr/local/lib -L/usr/lib  -ltermcap conftest.cpp -ldl  >&5
configure:17621: $? = 0
configure:17621: result: yes
configure:17621: checking for select
configure:17621: g++ -o conftest  -Wall -Wno-deprecated    -L/lib -L/usr/local/lib -L/usr/lib  -ltermcap conftest.cpp -ldl  >&5
configure:17621: $? = 0
configure:17621: result: yes
configure:17621: checking for socket
configure:17621: g++ -o conftest  -Wall -Wno-deprecated    -L/lib -L/usr/local/lib -L/usr/lib  -ltermcap conftest.cpp -ldl  >&5
configure:17621: $? = 0
configure:17621: result: yes
configure:17621: checking for strdup
configure:17621: g++ -o conftest  -Wall -Wno-deprecated    -L/lib -L/usr/local/lib -L/usr/lib  -ltermcap conftest.cpp -ldl  >&5
configure:17621: $? = 0
configure:17621: result: yes
configure:17621: checking for strchr
configure:17621: g++ -o conftest  -Wall -Wno-deprecated    -L/lib -L/usr/local/lib -L/usr/lib  -ltermcap conftest.cpp -ldl  >&5
configure:17621: $? = 0
configure:17621: result: yes
configure:17621: checking for strerror
configure:17621: g++ -o conftest  -Wall -Wno-deprecated    -L/lib -L/usr/local/lib -L/usr/lib  -ltermcap conftest.cpp -ldl  >&5
configure:17621: $? = 0
configure:17621: result: yes
configure:17621: checking for strstr
configure:17621: g++ -o conftest  -Wall -Wno-deprecated    -L/lib -L/usr/local/lib -L/usr/lib  -ltermcap conftest.cpp -ldl  >&5
configure:17621: $? = 0
configure:17621: result: yes
configure:17621: checking for atoll
configure:17621: g++ -o conftest  -Wall -Wno-deprecated    -L/lib -L/usr/local/lib -L/usr/lib  -ltermcap conftest.cpp -ldl  >&5
configure:17621: $? = 0
configure:17621: result: yes
configure:17621: checking for strtof
configure:17621: g++ -o conftest  -Wall -Wno-deprecated    -L/lib -L/usr/local/lib -L/usr/lib  -ltermcap conftest.cpp -ldl  >&5
configure:17621: $? = 0
configure:17621: result: yes
configure:17621: checking for getopt_long
configure:17621: g++ -o conftest  -Wall -Wno-deprecated    -L/lib -L/usr/local/lib -L/usr/lib  -ltermcap conftest.cpp -ldl  >&5
configure:17621: $? = 0
configure:17621: result: yes
configure:17686: checking for pkg-config
configure:17704: found /usr/bin/pkg-config
configure:17716: result: /usr/bin/pkg-config
configure:17741: checking pkg-config is at least version 0.9.0
configure:17744: result: yes
configure:17754: checking for NL3
configure:17761: $PKG_CONFIG --exists --print-errors "libnl-3.0 >= 3.2.25"
configure:17764: $? = 0
configure:17778: $PKG_CONFIG --exists --print-errors "libnl-3.0 >= 3.2.25"
configure:17781: $? = 0
configure:17825: result: yes
configure:17840: checking for NL_ROUTE_3
configure:17847: $PKG_CONFIG --exists --print-errors "libnl-route-3.0 >= 3.2.25"
configure:17850: $? = 0
configure:17864: $PKG_CONFIG --exists --print-errors "libnl-route-3.0 >= 3.2.25"
configure:17867: $? = 0
configure:17911: result: yes
configure:18079: checking for xml2-config
configure:18097: found /usr/bin/xml2-config
configure:18110: result: /usr/bin/xml2-config
configure:18145: checking libxml/parser.h usability
configure:18145: g++ -c  -Wall -Wno-deprecated  -I/usr/include/libxml2  -I/usr/include/libxml2 conftest.cpp >&5
configure:18145: $? = 0
configure:18145: result: yes
configure:18145: checking libxml/parser.h presence
configure:18145: g++ -E  -I/usr/include/libxml2 conftest.cpp
configure:18145: $? = 0
configure:18145: result: yes
configure:18145: checking for libxml/parser.h
configure:18145: result: yes
configure:18157: checking for xmlParseFile in -lxml2
configure:18182: g++ -o conftest  -Wall -Wno-deprecated  -I/usr/include/libxml2  -I/usr/include/libxml2  -L/lib -L/usr/local/lib -L/usr/lib  -ltermcap -lxml2 conftest.cpp -lxml2  -ldl  >&5
configure:18182: $? = 0
configure:18191: result: yes
configure:18202: checking libxslt/transform.h usability
configure:18202: g++ -c  -Wall -Wno-deprecated  -I/usr/include/libxml2  -I/usr/include/libxml2 conftest.cpp >&5
configure:18202: $? = 0
configure:18202: result: yes
configure:18202: checking libxslt/transform.h presence
configure:18202: g++ -E  -I/usr/include/libxml2 conftest.cpp
configure:18202: $? = 0
configure:18202: result: yes
configure:18202: checking for libxslt/transform.h
configure:18202: result: yes
configure:18202: checking libxslt/xsltutils.h usability
configure:18202: g++ -c  -Wall -Wno-deprecated  -I/usr/include/libxml2  -I/usr/include/libxml2 conftest.cpp >&5
configure:18202: $? = 0
configure:18202: result: yes
configure:18202: checking libxslt/xsltutils.h presence
configure:18202: g++ -E  -I/usr/include/libxml2 conftest.cpp
configure:18202: $? = 0
configure:18202: result: yes
configure:18202: checking for libxslt/xsltutils.h
configure:18202: result: yes
configure:18215: checking for xsltApplyStylesheet in -lxslt
configure:18240: g++ -o conftest  -Wall -Wno-deprecated  -I/usr/include/libxml2  -I/usr/include/libxml2  -L/lib -L/usr/local/lib -L/usr/lib  -ltermcap -lxml2 conftest.cpp -lxslt  -ldl  >&5
configure:18240: $? = 0
configure:18249: result: yes
configure:18271: checking for CURL
configure:18278: $PKG_CONFIG --exists --print-errors "libcurl"
configure:18281: $? = 0
configure:18295: $PKG_CONFIG --exists --print-errors "libcurl"
configure:18298: $? = 0
configure:18356: result: yes
configure:18375: checking for LIBPROT
configure:18382: $PKG_CONFIG --exists --print-errors "libprot-0.0"
configure:18385: $? = 0
configure:18399: $PKG_CONFIG --exists --print-errors "libprot-0.0"
configure:18402: $? = 0
configure:18460: result: yes
configure:18469: checking for LIBFASTQUEUE
configure:18476: $PKG_CONFIG --exists --print-errors "libfastqueue-0.0"
configure:18479: $? = 0
configure:18493: $PKG_CONFIG --exists --print-errors "libfastqueue-0.0"
configure:18496: $? = 0
configure:18554: result: yes
configure:18563: checking for LIBGIST
configure:18570: $PKG_CONFIG --exists --print-errors "libgist-0.0"
configure:18573: $? = 0
configure:18587: $PKG_CONFIG --exists --print-errors "libgist-0.0"
configure:18590: $? = 0
configure:18648: result: yes
configure:18657: checking for LIBIPAP
configure:18664: $PKG_CONFIG --exists --print-errors "libipap-0.0"
configure:18667: $? = 0
configure:18681: $PKG_CONFIG --exists --print-errors "libipap-0.0"
configure:18684: $? = 0
configure:18742: result: yes
configure:18751: checking for LIBANSLP_MSG
configure:18758: $PKG_CONFIG --exists --print-errors "libanslp_msg-0.0"
configure:18761: $? = 0
configure:18775: $PKG_CONFIG --exists --print-errors "libanslp_msg-0.0"
configure:18778: $? = 0
configure:18836: result: yes
configure:18845: checking for LIBANSLP
configure:18852: $PKG_CONFIG --exists --print-errors "libanslp-0.0"
configure:18855: $? = 0
configure:18869: $PKG_CONFIG --exists --print-errors "libanslp-0.0"
configure:18872: $? = 0
configure:18930: result: yes
configure:18959: checking for doxygen
configure:18975: found /usr/local/bin/doxygen
configure:18986: result: doxygen
configure:19188: checking that generated files are newer than configure
configure:19194: result: done
configure:19257: creating ./config.status

## ---------------------- ##
## Running config.status. ##
## ---------------------- ##

This file was extended by auctionManager config.status 0.1, which was
generated by GNU Autoconf 2.69.  Invocation command line was

  CONFIG_FILES    = 
  CONFIG_HEADERS  = 
  CONFIG_LINKS    = 
  CONFIG_COMMANDS = 
  $ ./config.status 

on luis-VirtualBox

config.status:1267: creating Makefile
config.status:1267: creating lib/getpass/Makefile
config.status:1267: creating lib/httpd/Makefile
config.status:1267: creating lib/getopt_long/Makefile
config.status:1267: creating nagtrsh/Makefile
config.status:1267: creating foundation/src/Makefile
config.status:1267: creating foundation/test/Makefile
config.status:1267: creating proc_modules/Makefile
config.status:1267: creating auctioner/src/Makefile
config.status:1267: creating auctioner/test/Makefile
config.status:1267: creating user_agent/src/Makefile
config.status:1267: creating user_agent/test/Makefile
config.status:1267: creating config.h
config.status:1496: executing depfiles commands
config.status:1496: executing libtool commands

## ---------------- ##
## Cache variables. ##
## ---------------- ##

ac_cv_build=x86_64-unknown-linux-gnu
ac_cv_c_compiler_gnu=yes
ac_cv_cxx_compiler_gnu=yes
ac_cv_env_CCC_set=
ac_cv_env_CCC_value=
ac_cv_env_CC_set=
ac_cv_env_CC_value=
ac_cv_env_CFLAGS_set=
ac_cv_env_CFLAGS_value=
ac_cv_env_CPPFLAGS_set=
ac_cv_env_CPPFLAGS_value=
ac_cv_env_CPP_set=
ac_cv_env_CPP_value=
ac_cv_env_CURL_CFLAGS_set=
ac_cv_env_CURL_CFLAGS_value=
ac_cv_env_CURL_LIBS_set=
ac_cv_env_CURL_LIBS_value=
ac_cv_env_CXXCPP_set=
ac_cv_env_CXXCPP_value=
ac_cv_env_CXXFLAGS_set=
ac_cv_env_CXXFLAGS_value=
ac_cv_env_CXX_set=
ac_cv_env_CXX_value=
ac_cv_env_LDFLAGS_set=
ac_cv_env_LDFLAGS_value=
ac_cv_env_LIBANSLP_CFLAGS_set=
ac_cv_env_LIBANSLP_CFLAGS_value=
ac_cv_env_LIBANSLP_LIBS_set=
ac_cv_env_LIBANSLP_LIBS_value=
ac_cv_env_LIBANSLP_MSG_CFLAGS_set=
ac_cv_env_LIBANSLP_MSG_CFLAGS_value=
ac_cv_env_LIBANSLP_MSG_LIBS_set=
ac_cv_env_LIBANSLP_MSG_LIBS_value=
ac_cv_env_LIBFASTQUEUE_CFLAGS_set=
ac_cv_env_LIBFASTQUEUE_CFLAGS_value=
ac_cv_env_LIBFASTQUEUE_LIBS_set=
ac_cv_env_LIBFASTQUEUE_LIBS_value=
ac_cv_env_LIBGIST_CFLAGS_set=
ac_cv_env_LIBGIST_CFLAGS_value=
ac_cv_env_LIBGIST_LIBS_set=
ac_cv_env_LIBGIST_LIBS_value=
ac_cv_env_LIBIPAP_CFLAGS_set=
ac_cv_env_LIBIPAP_CFLAGS_value=
ac_cv_env_LIBIPAP_LIBS_set=
ac_cv_env_LIBIPAP_LIBS_value=
ac_cv_env_LIBPROT_CFLAGS_set=
ac_cv_env_LIBPROT_CFLAGS_value=
ac_cv_env_LIBPROT_LIBS_set=
ac_cv_env_LIBPROT_LIBS_value=
ac_cv_env_LIBS_set=
ac_cv_env_LIBS_value=
ac_cv_env_NL3_CFLAGS_set=
ac_cv_env_NL3_CFLAGS_value=
ac_cv_env_NL3_LIBS_set=
ac_cv_env_NL3_LIBS_value=
ac_cv_env_NL_ROUTE_3_CFLAGS_set=
ac_cv_env_NL_ROUTE_3_CFLAGS_value=
ac_cv_env_NL_ROUTE_3_LIBS_set=
ac_cv_env_NL_ROUTE_3_LIBS_value=
ac_cv_env_PKG_CONFIG_LIBDIR_set=
ac_cv_env_PKG_CONFIG_LIBDIR_value=
ac_cv_env_PKG_CONFIG_PATH_set=
ac_cv_env_PKG_CONFIG_PATH_value=
ac_cv_env_PKG_CONFIG_set=
ac_cv_env_PKG_CONFIG_value=
ac_cv_env_build_alias_set=
ac_cv_env_build_alias_value=
ac_cv_env_host_alias_set=
ac_cv_env_host_alias_value=
ac_cv_env_target_alias_set=
ac_cv_env_target_alias_value=
ac_cv_func_alarm=yes
ac_cv_func_atoll=yes
ac_cv_func_bzero=yes
ac_cv_func_floor=yes
ac_cv_func_getaddrinfo=yes
ac_cv_func_getopt_long=yes
ac_cv_func_gettimeofday=yes
ac_cv_func_inet_ntoa=yes
ac_cv_func_memmove=yes
ac_cv_func_memset=yes
ac_cv_func_select=yes
ac_cv_func_socket=yes
ac_cv_func_strchr=yes
ac_cv_func_strdup=yes
ac_cv_func_strerror=yes
ac_cv_func_strstr=yes
ac_cv_func_strtof=yes
ac_cv_header_arpa_inet_h=yes
ac_cv_header_dirent_dirent_h=yes
ac_cv_header_dlfcn_h=yes
ac_cv_header_ether_h=no
ac_cv_header_fcntl_h=yes
ac_cv_header_float_h=yes
ac_cv_header_inttypes_h=yes
ac_cv_header_libxml_parser_h=yes
ac_cv_header_libxslt_transform_h=yes
ac_cv_header_libxslt_xsltutils_h=yes
ac_cv_header_limits_h=yes
ac_cv_header_memory_h=yes
ac_cv_header_net_bpf_h=no
ac_cv_header_net_ethernet_h=yes
ac_cv_header_netdb_h=yes
ac_cv_header_netinet_in_h=yes
ac_cv_header_readline_history_h=yes
ac_cv_header_readline_readline_h=yes
ac_cv_header_stdbool_h=yes
ac_cv_header_stdc=yes
ac_cv_header_stdint_h=yes
ac_cv_header_stdlib_h=yes
ac_cv_header_string_h=yes
ac_cv_header_strings_h=yes
ac_cv_header_sys_socket_h=yes
ac_cv_header_sys_stat_h=yes
ac_cv_header_sys_time_h=yes
ac_cv_header_sys_types_h=yes
ac_cv_header_sys_wait_h=yes
ac_cv_header_termios_h=yes
ac_cv_header_types_h=no
ac_cv_header_unistd_h=yes
ac_cv_host=x86_64-unknown-linux-gnu
ac_cv_lib_dl_dlopen=yes
ac_cv_lib_readline_readline=yes
ac_cv_lib_termcap_tgetent=yes
ac_cv_lib_xml2_xmlParseFile=yes
ac_cv_lib_xslt_xsltApplyStylesheet=yes
ac_cv_objext=o
ac_cv_path_EGREP='/bin/grep -E'
ac_cv_path_FGREP='/bin/grep -F'
ac_cv_path_GREP=/bin/grep
ac_cv_path_SED=/bin/sed
ac_cv_path_XML_CONFIG=/usr/bin/xml2-config
ac_cv_path_ac_pt_PKG_CONFIG=/usr/bin/pkg-config
ac_cv_path_install='/usr/bin/install -c'
ac_cv_path_mkdir=/bin/mkdir
ac_cv_prog_AWK=gawk
ac_cv_prog_CPP='gcc -E'
ac_cv_prog_CXXCPP='g++ -E'
ac_cv_prog_DOXY=doxygen
ac_cv_prog_ac_ct_AR=ar
ac_cv_prog_ac_ct_CC=gcc
ac_cv_prog_ac_ct_CXX=g++
ac_cv_prog_ac_ct_MANIFEST_TOOL=mt
ac_cv_prog_ac_ct_OBJDUMP=objdump
ac_cv_prog_ac_ct_RANLIB=ranlib
ac_cv_prog_ac_ct_STRIP=strip
ac_cv_prog_cc_c89=
ac_cv_prog_cc_g=yes
ac_cv_prog_cxx_g=yes
ac_cv_prog_make_make_set=yes
ac_cv_search_opendir='none required'
ac_cv_sizeof_off_t=8
ac_cv_type__Bool=no
am_cv_CC_dependencies_compiler_type=gcc3
am_cv_CXX_dependencies_compiler_type=gcc3
am_cv_make_support_nested_variables=yes
am_cv_prog_cc_c_o=yes
lt_cv_ar_at_file=@
lt_cv_archive_cmds_need_lc=no
lt_cv_deplibs_check_method=pass_all
lt_cv_file_magic_cmd='$MAGIC_CMD'
lt_cv_file_magic_test_file=
lt_cv_ld_reload_flag=-r
lt_cv_nm_interface='BSD nm'
lt_cv_objdir=.libs
lt_cv_path_LD=/usr/bin/ld
lt_cv_path_LDCXX='/usr/bin/ld -m elf_x86_64'
lt_cv_path_NM='/usr/bin/nm -B'
lt_cv_path_mainfest_tool=no
lt_cv_prog_compiler_c_o=yes
lt_cv_prog_compiler_c_o_CXX=yes
lt_cv_prog_compiler_pic='-fPIC -DPIC'
lt_cv_prog_compiler_pic_CXX='-fPIC -DPIC'
lt_cv_prog_compiler_pic_works=yes
lt_cv_prog_compiler_pic_works_CXX=yes
lt_cv_prog_compiler_rtti_exceptions=no
lt_cv_prog_compiler_static_works=yes
lt_cv_prog_compiler_static_works_CXX=yes
lt_cv_prog_gnu_ld=yes
lt_cv_prog_gnu_ldcxx=yes
lt_cv_sharedlib_from_linklib_cmd='printf %s\n'
lt_cv_shlibpath_overrides_runpath=no
lt_cv_sys_global_symbol_pipe='sed -n -e '\''s/^.*[	 ]\([ABCDGIRSTW][ABCDGIRSTW]*\)[	 ][	 ]*\([_A-Za-z][_A-Za-z0-9]*\)$/\1 \2 \2/p'\'' | sed '\''/ __gnu_lto/d'\'''
lt_cv_sys_global_symbol_to_c_name_address='sed -n -e '\''s/^: \([^ ]*\)[ ]*$/  {\"\1\", (void *) 0},/p'\'' -e '\''s/^[ABCDGIRSTW]* \([^ ]*\) \([^ ]*\)$/  {"\2", (void *) \&\2},/p'\'''
lt_cv_sys_global_symbol_to_c_name_address_lib_prefix='sed -n -e '\''s/^: \([^ ]*\)[ ]*$/  {\"\1\", (void *) 0},/p'\'' -e '\''s/^[ABCDGIRSTW]* \([^ ]*\) \(lib[^ ]*\)$/  {"\2", (void *) \&\2},/p'\'' -e '\''s/^[ABCDGIRSTW]* \([^ ]*\) \([^ ]*\)$/  {"lib\2", (void *) \&\2},/p'\'''
lt_cv_sys_global_symbol_to_cdecl='sed -n -e '\''s/^T .* \(.*\)$/extern int \1();/p'\'' -e '\''s/^[ABCDGIRSTW]* .* \(.*\)$/extern char \1;/p'\'''
lt_cv_sys_max_cmd_len=1572864
lt_cv_to_host_file_cmd=func_convert_file_noop
lt_cv_to_tool_file_cmd=func_convert_file_noop
pkg_cv_CURL_CFLAGS=' '
pkg_cv_CURL_LIBS='-lcurl  '
pkg_cv_LIBANSLP_CFLAGS='-I/usr/local/include/a-nslp  '
pkg_cv_LIBANSLP_LIBS='-L/usr/local/lib/a-nslp -lanslp  '
pkg_cv_LIBANSLP_MSG_CFLAGS='-I/usr/local/include/a-nslp/msg  '
pkg_cv_LIBANSLP_MSG_LIBS='-L/usr/local/lib/a-nslp -lanslp_msg  '
pkg_cv_LIBFASTQUEUE_CFLAGS='-I/usr/local/include  '
pkg_cv_LIBFASTQUEUE_LIBS='-L/usr/local/lib -lfastqueue  '
pkg_cv_LIBGIST_CFLAGS='-I/usr/local/include  '
pkg_cv_LIBGIST_LIBS='-L/usr/local/lib -lgist  '
pkg_cv_LIBIPAP_CFLAGS='-I/usr/local/include/ipap  '
pkg_cv_LIBIPAP_LIBS='-L/usr/local/lib/ipap -lipap  '
pkg_cv_LIBPROT_CFLAGS='-I/usr/local/include  '
pkg_cv_LIBPROT_LIBS='-L/usr/local/lib -lprot  '
pkg_cv_NL3_CFLAGS='-I/usr/local/include/libnl3  '
pkg_cv_NL3_LIBS='-L/usr/local/lib -lnl-3  '
pkg_cv_NL_ROUTE_3_CFLAGS='-I/usr/local/include/libnl3  '
pkg_cv_NL_ROUTE_3_LIBS='-L/usr/local/lib -lnl-route-3 -lnl-3  '

## ----------------- ##
## Output variables. ##
## ----------------- ##

ACLOCAL='${SHELL} /home/luis/AuctionManager/missing aclocal-1.14'
AMDEPBACKSLASH='\'
AMDEP_FALSE='#'
AMDEP_TRUE=''
AMTAR='$${TAR-tar}'
AM_BACKSLASH='\'
AM_DEFAULT_V='$(AM_DEFAULT_VERBOSITY)'
AM_DEFAULT_VERBOSITY='1'
AM_V='$(V)'
AR='ar'
AUTOCONF='${SHELL} /home/luis/AuctionManager/missing autoconf'
AUTOHEADER='${SHELL} /home/luis/AuctionManager/missing autoheader'
AUTOMAKE='${SHELL} /home/luis/AuctionManager/missing automake-1.14'
AWK='gawk'
BUILD_NAGTRSH_FALSE='#'
BUILD_NAGTRSH_TRUE=''
BUILD_NARSH_FALSE='#'
BUILD_NARSH_TRUE=''
CC='gcc'
CCDEPMODE='depmode=gcc3'
CFLAGS=' -Wall -I/usr/include/libxml2'
CPP='gcc -E'
CPPFLAGS=' -I/usr/include/libxml2'
CURL_CFLAGS=' '
CURL_FALSE='#'
CURL_LIBS='-lcurl  '
CURL_TRUE=''
CXX='g++'
CXXCPP='g++ -E'
CXXDEPMODE='depmode=gcc3'
CXXFLAGS=' -Wall -Wno-deprecated  -I/usr/include/libxml2'
CYGPATH_W='echo'
DEFS='-DHAVE_CONFIG_H'
DEF_BINDIR='/usr/local/bin'
DEF_LIBDIR='/usr/local/lib/auctionmanager'
DEF_STATEDIR='/usr/local/var'
DEF_SYSCONFDIR='/home/luis/AuctionManager/etc'
DEPDIR='.deps'
DLLIB=''
DLLTOOL='false'
DOXY='doxygen'
DSYMUTIL=''
DUMPBIN=''
ECHO_C=''
ECHO_N='-n'
ECHO_T=''
EGREP='/bin/grep -E'
ENABLE_DEBUG=''
ENABLE_DEBUG_FALSE='#'
ENABLE_DEBUG_TRUE=''
ENABLE_MP_FALSE=''
ENABLE_MP_TRUE='#'
ENABLE_NF=''
ENABLE_SSL_FALSE=''
ENABLE_SSL_TRUE='#'
ENABLE_TEST=''
ENABLE_THREADS_FALSE=''
ENABLE_THREADS_TRUE='#'
EXEEXT=''
FGREP='/bin/grep -F'
GREP='/bin/grep'
HISTORYLIB=''
INSTALL_DATA='${INSTALL} -m 644'
INSTALL_PROGRAM='${INSTALL}'
INSTALL_SCRIPT='${INSTALL}'
INSTALL_STRIP_PROGRAM='$(install_sh) -c -s'
IPTABLES_VERSION=''
LD='/usr/bin/ld -m elf_x86_64'
LDFLAGS=' -L/lib -L/usr/local/lib -L/usr/lib  -ltermcap -lxml2'
LIBANSLP_CFLAGS='-I/usr/local/include/a-nslp  '
LIBANSLP_LIBS='-L/usr/local/lib/a-nslp -lanslp  '
LIBANSLP_MSG_CFLAGS='-I/usr/local/include/a-nslp/msg  '
LIBANSLP_MSG_LIBS='-L/usr/local/lib/a-nslp -lanslp_msg  '
LIBFASTQUEUE_CFLAGS='-I/usr/local/include  '
LIBFASTQUEUE_LIBS='-L/usr/local/lib -lfastqueue  '
LIBGIST_CFLAGS='-I/usr/local/include  '
LIBGIST_LIBS='-L/usr/local/lib -lgist  '
LIBIPAP_CFLAGS='-I/usr/local/include/ipap  '
LIBIPAP_LIBS='-L/usr/local/lib/ipap -lipap  '
LIBOBJS=''
LIBPROT_CFLAGS='-I/usr/local/include  '
LIBPROT_LIBS='-L/usr/local/lib -lprot  '
LIBS='-ldl '
LIBTOOL='$(SHELL) $(top_builddir)/libtool'
LIPO=''
LN_S='ln -s'
LTLIBOBJS=''
MAINT='#'
MAINTAINER_MODE_FALSE=''
MAINTAINER_MODE_TRUE='#'
MAKEINFO='${SHELL} /home/luis/AuctionManager/missing makeinfo'
MANIFEST_TOOL=':'
MATHLIB=''
MKDIR_P='/bin/mkdir -p'
MPATROLLIB=''
NL3_CFLAGS='-I/usr/local/include/libnl3  '
NL3_LIBS='-L/usr/local/lib -lnl-3  '
NL_ROUTE_3_CFLAGS='-I/usr/local/include/libnl3  '
NL_ROUTE_3_LIBS='-L/usr/local/lib -lnl-route-3 -lnl-3  '
NM='/usr/bin/nm -B'
NMEDIT=''
OBJDUMP='objdump'
OBJEXT='o'
OS='UNIX'
OTOOL64=''
OTOOL=''
PACKAGE='auctionmanager'
PACKAGE_BUGREPORT='la.marentes455@uniandes.edu.co'
PACKAGE_NAME='auctionManager'
PACKAGE_STRING='auctionManager 0.1'
PACKAGE_TARNAME='auctionmanager'
PACKAGE_URL=''
PACKAGE_VERSION='0.1'
PATH_SEPARATOR=':'
PKG_CONFIG='/usr/bin/pkg-config'
PKG_CONFIG_LIBDIR=''
PKG_CONFIG_PATH=''
PTHREADLIB=''
RANLIB='ranlib'
READLINELIB=' -lreadline'
REL_DATE=''
SED='/bin/sed'
SET_MAKE=''
SHELL='/bin/bash'
SSLLIB=''
SSL_PASSWD=''
STRIP='strip'
ULOGLIB=''
USE_SSL=''
VERSION='0.1'
XMLLIB='-lxml2'
XML_CONFIG='/usr/bin/xml2-config'
XSLTLIB='-lxslt'
ac_ct_AR='ar'
ac_ct_CC='gcc'
ac_ct_CXX='g++'
ac_ct_DUMPBIN=''
am__EXEEXT_FALSE=''
am__EXEEXT_TRUE='#'
am__fastdepCC_FALSE='#'
am__fastdepCC_TRUE=''
am__fastdepCXX_FALSE='#'
am__fastdepCXX_TRUE=''
am__include='include'
am__isrc=''
am__leading_dot='.'
am__nodep='_no'
am__quote=''
am__tar='$${TAR-tar} chof - "$$tardir"'
am__untar='$${TAR-tar} xf -'
bindir='${exec_prefix}/bin'
build='x86_64-unknown-linux-gnu'
build_alias=''
build_cpu='x86_64'
build_os='linux-gnu'
build_vendor='unknown'
datadir='${datarootdir}'
datarootdir='${prefix}/share'
docdir='${datarootdir}/doc/${PACKAGE_TARNAME}'
dvidir='${docdir}'
exec_prefix='/usr/local'
host='x86_64-unknown-linux-gnu'
host_alias=''
host_cpu='x86_64'
host_os='linux-gnu'
host_vendor='unknown'
htmldir='${docdir}'
includedir='${prefix}/include'
infodir='${datarootdir}/info'
install_sh='${SHELL} /home/luis/AuctionManager/install-sh'
libdir='${exec_prefix}/lib/auctionmanager'
libexecdir='${exec_prefix}/libexec'
localedir='${datarootdir}/locale'
localstatedir='${prefix}/var'
mandir='${datarootdir}/man'
mkdir_p='$(MKDIR_P)'
oldincludedir='/usr/include'
pdfdir='${docdir}'
prefix='/usr/local'
program_transform_name='s,x,x,'
psdir='${docdir}'
sbindir='${exec_prefix}/sbin'
sharedstatedir='${prefix}/com'
sysconfdir='/home/luis/AuctionManager/etc'
target_alias=''

## ----------- ##
## confdefs.h. ##
## ----------- ##

/* confdefs.h */
#define PACKAGE_NAME "auctionManager"
#define PACKAGE_TARNAME "auctionmanager"
#define PACKAGE_VERSION "0.1"
#define PACKAGE_STRING "auctionManager 0.1"
#define PACKAGE_BUGREPORT "la.marentes455@uniandes.edu.co"
#define PACKAGE_URL ""
#define PACKAGE "auctionmanager"
#define VERSION "0.1"
#define STDC_HEADERS 1
#define HAVE_SYS_TYPES_H 1
#define HAVE_SYS_STAT_H 1
#define HAVE_STDLIB_H 1
#define HAVE_STRING_H 1
#define HAVE_MEMORY_H 1
#define HAVE_STRINGS_H 1
#define HAVE_INTTYPES_H 1
#define HAVE_STDINT_H 1
#define HAVE_UNISTD_H 1
#define HAVE_DLFCN_H 1
#define LT_OBJDIR ".libs/"
#define HAVE_LIBDL 1
#define UNIX 1
#define ENABLE_DEBUG 1
#define HAVE_READLINE_READLINE_H 1
#define HAVE_READLINE_HISTORY_H 1
#define SIZEOF_OFF_T 8
#define HAVE_DIRENT_H 1
#define STDC_HEADERS 1
#define HAVE_SYS_WAIT_H 1
#define HAVE_NET_ETHERNET_H 1
#define HAVE_ARPA_INET_H 1
#define HAVE_FCNTL_H 1
#define HAVE_NETDB_H 1
#define HAVE_NETINET_IN_H 1
#define HAVE_STDLIB_H 1
#define HAVE_STRING_H 1
#define HAVE_SYS_SOCKET_H 1
#define HAVE_SYS_TIME_H 1
#define HAVE_TERMIOS_H 1
#define HAVE_UNISTD_H 1
#define HAVE_FLOAT_H 1
#define HAVE_LIMITS_H 1
#define HAVE_STDBOOL_H 1
#define HAVE_ALARM 1
#define HAVE_BZERO 1
#define HAVE_FLOOR 1
#define HAVE_GETADDRINFO 1
#define HAVE_INET_NTOA 1
#define HAVE_GETTIMEOFDAY 1
#define HAVE_MEMMOVE 1
#define HAVE_MEMSET 1
#define HAVE_SELECT 1
#define HAVE_SOCKET 1
#define HAVE_STRDUP 1
#define HAVE_STRCHR 1
#define HAVE_STRERROR 1
#define HAVE_STRSTR 1
#define HAVE_ATOLL 1
#define HAVE_STRTOF 1
#define HAVE_GETOPT_LONG 1
#define HAVE_LIBNL 1
#define HAVE_LIBNL_ROUTE 1
#define HAVE_LIBXML_PARSER_H 1
#define HAVE_LIBXSLT_TRANSFORM_H 1
#define HAVE_LIBXSLT_XSLTUTILS_H 1
#define HAVE_CURL 1
#define BUILD_TIME "01/10/2015 21:34:40"
#define DEF_SYSCONFDIR "/home/luis/AuctionManager/etc"
#define DEF_STATEDIR "/usr/local/var"
#define DEF_LIBDIR "/usr/local/lib/auctionmanager"
#define DEF_BINDIR "/usr/local/bin"

configure: exit 0
